  Data.cpp
C:\Users\Nikita\Desktop\perfomanceLab\Data.cpp(34,23): warning C4244:  '=': conversion from 'double' to 'int', possible loss of data
C:\Users\Nikita\Desktop\perfomanceLab\Data.cpp(34,40): warning C4244:  '=': conversion from 'double' to 'int', possible loss of data
C:\Users\Nikita\Desktop\perfomanceLab\Data.cpp(127,15): warning C4244:  '=': conversion from 'long' to 'float', possible loss of data
C:\Users\Nikita\Desktop\perfomanceLab\Data.cpp(127,33): warning C4244:  '=': conversion from 'long' to 'float', possible loss of data
C:\Users\Nikita\Desktop\perfomanceLab\Data.cpp(141,15): warning C4244:  '=': conversion from 'long' to 'float', possible loss of data
C:\Users\Nikita\Desktop\perfomanceLab\Data.cpp(141,33): warning C4244:  '=': conversion from 'long' to 'float', possible loss of data
C:\Users\Nikita\Desktop\perfomanceLab\Data.cpp(155,15): warning C4244:  '=': conversion from 'long' to 'float', possible loss of data
C:\Users\Nikita\Desktop\perfomanceLab\Data.cpp(155,33): warning C4244:  '=': conversion from 'long' to 'float', possible loss of data
C:\Users\Nikita\Desktop\perfomanceLab\Data.cpp(169,15): warning C4244:  '=': conversion from 'long' to 'float', possible loss of data
C:\Users\Nikita\Desktop\perfomanceLab\Data.cpp(169,33): warning C4244:  '=': conversion from 'long' to 'float', possible loss of data
C:\Users\Nikita\Desktop\perfomanceLab\Data.cpp(169,51): warning C4244:  '=': conversion from 'long' to 'float', possible loss of data
C:\Users\Nikita\Desktop\perfomanceLab\Data.cpp(169,70): warning C4244:  '=': conversion from 'long' to 'float', possible loss of data
C:\Users\Nikita\Desktop\perfomanceLab\Data.cpp(169,88): warning C4244:  '=': conversion from 'long' to 'float', possible loss of data
C:\Users\Nikita\Desktop\perfomanceLab\Data.cpp(170,16): warning C4244:  '=': conversion from 'long' to 'float', possible loss of data
C:\Users\Nikita\Desktop\perfomanceLab\Data.cpp(170,33): warning C4244:  '=': conversion from 'long' to 'float', possible loss of data
C:\Users\Nikita\Desktop\perfomanceLab\Data.cpp(170,54): warning C4244:  '=': conversion from 'long' to 'float', possible loss of data
C:\Users\Nikita\Desktop\perfomanceLab\Data.cpp(170,76): warning C4244:  '=': conversion from 'long' to 'float', possible loss of data
C:\Users\Nikita\Desktop\perfomanceLab\Data.cpp(170,95): warning C4244:  '=': conversion from 'long' to 'float', possible loss of data
C:\Users\Nikita\Desktop\perfomanceLab\Data.cpp(184,16): warning C4244:  '=': conversion from 'long' to 'float', possible loss of data
  main.cpp
  Generating Code...
C:\Users\Nikita\Desktop\perfomanceLab\Data.cpp(184,33): warning C4244:  '=': conversion from 'long' to 'float', possible loss of data
  perfomanceLab.vcxproj -> C:\Users\Nikita\Desktop\perfomanceLab\Debug\perfomanceLab.exe
